Analysis & Synthesis report for exercise12
Sun Oct 29 13:53:54 2017
Quartus Prime Version 17.0.0 Build 595 04/25/2017 SJ Lite Edition


---------------------
; Table of Contents ;
---------------------
  1. Legal Notice
  2. Analysis & Synthesis Summary
  3. Analysis & Synthesis Settings
  4. Parallel Compilation
  5. Port Connectivity Checks: "alu32:uut"
  6. Elapsed Time Per Partition
  7. Analysis & Synthesis Messages



----------------
; Legal Notice ;
----------------
Copyright (C) 2017  Intel Corporation. All rights reserved.
Your use of Intel Corporation's design tools, logic functions 
and other software and tools, and its AMPP partner logic 
functions, and any output files from any of the foregoing 
(including device programming or simulation files), and any 
associated documentation or information are expressly subject 
to the terms and conditions of the Intel Program License 
Subscription Agreement, the Intel Quartus Prime License Agreement,
the Intel MegaCore Function License Agreement, or other 
applicable license agreement, including, without limitation, 
that your use is for the sole purpose of programming logic 
devices manufactured by Intel and sold by Intel or its 
authorized distributors.  Please refer to the applicable 
agreement for further details.



+----------------------------------------------------------------------------------+
; Analysis & Synthesis Summary                                                     ;
+------------------------------------+---------------------------------------------+
; Analysis & Synthesis Status        ; Failed - Sun Oct 29 13:53:54 2017           ;
; Quartus Prime Version              ; 17.0.0 Build 595 04/25/2017 SJ Lite Edition ;
; Revision Name                      ; exercise12                                  ;
; Top-level Entity Name              ; exercise12                                  ;
; Family                             ; Cyclone IV E                                ;
; Total logic elements               ; N/A until Partition Merge                   ;
;     Total combinational functions  ; N/A until Partition Merge                   ;
;     Dedicated logic registers      ; N/A until Partition Merge                   ;
; Total registers                    ; N/A until Partition Merge                   ;
; Total pins                         ; N/A until Partition Merge                   ;
; Total virtual pins                 ; N/A until Partition Merge                   ;
; Total memory bits                  ; N/A until Partition Merge                   ;
; Embedded Multiplier 9-bit elements ; N/A until Partition Merge                   ;
; Total PLLs                         ; N/A until Partition Merge                   ;
+------------------------------------+---------------------------------------------+


+----------------------------------------------------------------------------------------------------------------------+
; Analysis & Synthesis Settings                                                                                        ;
+----------------------------------------------------------------------------+--------------------+--------------------+
; Option                                                                     ; Setting            ; Default Value      ;
+----------------------------------------------------------------------------+--------------------+--------------------+
; Device                                                                     ; EP4CE115F29C7      ;                    ;
; Top-level entity name                                                      ; exercise12         ; exercise12         ;
; Family name                                                                ; Cyclone IV E       ; Cyclone V          ;
; Use smart compilation                                                      ; Off                ; Off                ;
; Enable parallel Assembler and TimeQuest Timing Analyzer during compilation ; On                 ; On                 ;
; Enable compact report table                                                ; Off                ; Off                ;
; Restructure Multiplexers                                                   ; Auto               ; Auto               ;
; Create Debugging Nodes for IP Cores                                        ; Off                ; Off                ;
; Preserve fewer node names                                                  ; On                 ; On                 ;
; OpenCore Plus hardware evaluation                                          ; Enable             ; Enable             ;
; Verilog Version                                                            ; Verilog_2001       ; Verilog_2001       ;
; VHDL Version                                                               ; VHDL_1993          ; VHDL_1993          ;
; State Machine Processing                                                   ; Auto               ; Auto               ;
; Safe State Machine                                                         ; Off                ; Off                ;
; Extract Verilog State Machines                                             ; On                 ; On                 ;
; Extract VHDL State Machines                                                ; On                 ; On                 ;
; Ignore Verilog initial constructs                                          ; Off                ; Off                ;
; Iteration limit for constant Verilog loops                                 ; 5000               ; 5000               ;
; Iteration limit for non-constant Verilog loops                             ; 250                ; 250                ;
; Add Pass-Through Logic to Inferred RAMs                                    ; On                 ; On                 ;
; Infer RAMs from Raw Logic                                                  ; On                 ; On                 ;
; Parallel Synthesis                                                         ; On                 ; On                 ;
; DSP Block Balancing                                                        ; Auto               ; Auto               ;
; NOT Gate Push-Back                                                         ; On                 ; On                 ;
; Power-Up Don't Care                                                        ; On                 ; On                 ;
; Remove Redundant Logic Cells                                               ; Off                ; Off                ;
; Remove Duplicate Registers                                                 ; On                 ; On                 ;
; Ignore CARRY Buffers                                                       ; Off                ; Off                ;
; Ignore CASCADE Buffers                                                     ; Off                ; Off                ;
; Ignore GLOBAL Buffers                                                      ; Off                ; Off                ;
; Ignore ROW GLOBAL Buffers                                                  ; Off                ; Off                ;
; Ignore LCELL Buffers                                                       ; Off                ; Off                ;
; Ignore SOFT Buffers                                                        ; On                 ; On                 ;
; Limit AHDL Integers to 32 Bits                                             ; Off                ; Off                ;
; Optimization Technique                                                     ; Balanced           ; Balanced           ;
; Carry Chain Length                                                         ; 70                 ; 70                 ;
; Auto Carry Chains                                                          ; On                 ; On                 ;
; Auto Open-Drain Pins                                                       ; On                 ; On                 ;
; Perform WYSIWYG Primitive Resynthesis                                      ; Off                ; Off                ;
; Auto ROM Replacement                                                       ; On                 ; On                 ;
; Auto RAM Replacement                                                       ; On                 ; On                 ;
; Auto DSP Block Replacement                                                 ; On                 ; On                 ;
; Auto Shift Register Replacement                                            ; Auto               ; Auto               ;
; Allow Shift Register Merging across Hierarchies                            ; Auto               ; Auto               ;
; Auto Clock Enable Replacement                                              ; On                 ; On                 ;
; Strict RAM Replacement                                                     ; Off                ; Off                ;
; Allow Synchronous Control Signals                                          ; On                 ; On                 ;
; Force Use of Synchronous Clear Signals                                     ; Off                ; Off                ;
; Auto RAM Block Balancing                                                   ; On                 ; On                 ;
; Auto RAM to Logic Cell Conversion                                          ; Off                ; Off                ;
; Auto Resource Sharing                                                      ; Off                ; Off                ;
; Allow Any RAM Size For Recognition                                         ; Off                ; Off                ;
; Allow Any ROM Size For Recognition                                         ; Off                ; Off                ;
; Allow Any Shift Register Size For Recognition                              ; Off                ; Off                ;
; Use LogicLock Constraints during Resource Balancing                        ; On                 ; On                 ;
; Ignore translate_off and synthesis_off directives                          ; Off                ; Off                ;
; Timing-Driven Synthesis                                                    ; On                 ; On                 ;
; Report Parameter Settings                                                  ; On                 ; On                 ;
; Report Source Assignments                                                  ; On                 ; On                 ;
; Report Connectivity Checks                                                 ; On                 ; On                 ;
; Ignore Maximum Fan-Out Assignments                                         ; Off                ; Off                ;
; Synchronization Register Chain Length                                      ; 2                  ; 2                  ;
; PowerPlay Power Optimization During Synthesis                              ; Normal compilation ; Normal compilation ;
; HDL message level                                                          ; Level2             ; Level2             ;
; Suppress Register Optimization Related Messages                            ; Off                ; Off                ;
; Number of Removed Registers Reported in Synthesis Report                   ; 5000               ; 5000               ;
; Number of Swept Nodes Reported in Synthesis Report                         ; 5000               ; 5000               ;
; Number of Inverted Registers Reported in Synthesis Report                  ; 100                ; 100                ;
; Clock MUX Protection                                                       ; On                 ; On                 ;
; Auto Gated Clock Conversion                                                ; Off                ; Off                ;
; Block Design Naming                                                        ; Auto               ; Auto               ;
; SDC constraint protection                                                  ; Off                ; Off                ;
; Synthesis Effort                                                           ; Auto               ; Auto               ;
; Shift Register Replacement - Allow Asynchronous Clear Signal               ; On                 ; On                 ;
; Pre-Mapping Resynthesis Optimization                                       ; Off                ; Off                ;
; Analysis & Synthesis Message Level                                         ; Medium             ; Medium             ;
; Disable Register Merging Across Hierarchies                                ; Auto               ; Auto               ;
; Resource Aware Inference For Block RAM                                     ; On                 ; On                 ;
+----------------------------------------------------------------------------+--------------------+--------------------+


+------------------------------------------+
; Parallel Compilation                     ;
+----------------------------+-------------+
; Processors                 ; Number      ;
+----------------------------+-------------+
; Number detected on machine ; 4           ;
; Maximum allowed            ; 2           ;
;                            ;             ;
; Average used               ; 1.00        ;
; Maximum used               ; 1           ;
;                            ;             ;
; Usage by Processor         ; % Time Used ;
;     Processor 1            ; 100.0%      ;
+----------------------------+-------------+


+--------------------------------------------------------------------------------------------------------------------+
; Port Connectivity Checks: "alu32:uut"                                                                              ;
+----------+--------+----------+-------------------------------------------------------------------------------------+
; Port     ; Type   ; Severity ; Details                                                                             ;
+----------+--------+----------+-------------------------------------------------------------------------------------+
; Y        ; Output ; Info     ; Connected to dangling logic. Logic that only feeds a dangling port will be removed. ;
; Zero     ; Output ; Info     ; Connected to dangling logic. Logic that only feeds a dangling port will be removed. ;
; Overflow ; Output ; Info     ; Connected to dangling logic. Logic that only feeds a dangling port will be removed. ;
+----------+--------+----------+-------------------------------------------------------------------------------------+


+-------------------------------+
; Elapsed Time Per Partition    ;
+----------------+--------------+
; Partition Name ; Elapsed Time ;
+----------------+--------------+
; Top            ; 00:00:00     ;
+----------------+--------------+


+-------------------------------+
; Analysis & Synthesis Messages ;
+-------------------------------+
Info: *******************************************************************
Info: Running Quartus Prime Analysis & Synthesis
    Info: Version 17.0.0 Build 595 04/25/2017 SJ Lite Edition
    Info: Processing started: Sun Oct 29 13:53:19 2017
Info: Command: quartus_map --read_settings_files=on --write_settings_files=off exercise12 -c exercise12
Warning (18236): Number of processors has not been specified which may cause overloading on shared machines.  Set the global assignment NUM_PARALLEL_PROCESSORS in your QSF to an appropriate value for best performance.
Info (20030): Parallel compilation is enabled and will use 2 of the 2 processors detected
Info (12021): Found 1 design units, including 1 entities, in source file exercise12.sv
    Info (12023): Found entity 1: exercise12 File: /home/roni/Documents/UFU/AOC2/Livro/Pronto/Capitulo5/exercises/exercise12/exercise12.sv Line: 1
Info (12021): Found 1 design units, including 1 entities, in source file alu32.sv
    Info (12023): Found entity 1: alu32 File: /home/roni/Documents/UFU/AOC2/Livro/Pronto/Capitulo5/exercises/exercise12/alu32.sv Line: 1
Info (12127): Elaborating entity "exercise12" for the top level hierarchy
Warning (10850): Verilog HDL warning at exercise12.sv(34): number of words (25) in memory file does not match the number of elements in the address range [0:10000] File: /home/roni/Documents/UFU/AOC2/Livro/Pronto/Capitulo5/exercises/exercise12/exercise12.sv Line: 34
Warning (10230): Verilog HDL assignment warning at test_alu32.tv(1): truncated value with size 104 to match size of target (101) File: /home/roni/Documents/UFU/AOC2/Livro/Pronto/Capitulo5/exercises/exercise12/test_alu32.tv Line: 1
Warning (10230): Verilog HDL assignment warning at test_alu32.tv(2): truncated value with size 104 to match size of target (101) File: /home/roni/Documents/UFU/AOC2/Livro/Pronto/Capitulo5/exercises/exercise12/test_alu32.tv Line: 2
Warning (10230): Verilog HDL assignment warning at test_alu32.tv(3): truncated value with size 104 to match size of target (101) File: /home/roni/Documents/UFU/AOC2/Livro/Pronto/Capitulo5/exercises/exercise12/test_alu32.tv Line: 3
Warning (10230): Verilog HDL assignment warning at test_alu32.tv(4): truncated value with size 104 to match size of target (101) File: /home/roni/Documents/UFU/AOC2/Livro/Pronto/Capitulo5/exercises/exercise12/test_alu32.tv Line: 4
Warning (10230): Verilog HDL assignment warning at test_alu32.tv(5): truncated value with size 104 to match size of target (101) File: /home/roni/Documents/UFU/AOC2/Livro/Pronto/Capitulo5/exercises/exercise12/test_alu32.tv Line: 5
Warning (10230): Verilog HDL assignment warning at test_alu32.tv(6): truncated value with size 104 to match size of target (101) File: /home/roni/Documents/UFU/AOC2/Livro/Pronto/Capitulo5/exercises/exercise12/test_alu32.tv Line: 6
Warning (10230): Verilog HDL assignment warning at test_alu32.tv(7): truncated value with size 104 to match size of target (101) File: /home/roni/Documents/UFU/AOC2/Livro/Pronto/Capitulo5/exercises/exercise12/test_alu32.tv Line: 7
Warning (10230): Verilog HDL assignment warning at test_alu32.tv(8): truncated value with size 104 to match size of target (101) File: /home/roni/Documents/UFU/AOC2/Livro/Pronto/Capitulo5/exercises/exercise12/test_alu32.tv Line: 8
Warning (10230): Verilog HDL assignment warning at test_alu32.tv(9): truncated value with size 104 to match size of target (101) File: /home/roni/Documents/UFU/AOC2/Livro/Pronto/Capitulo5/exercises/exercise12/test_alu32.tv Line: 9
Warning (10230): Verilog HDL assignment warning at test_alu32.tv(10): truncated value with size 104 to match size of target (101) File: /home/roni/Documents/UFU/AOC2/Livro/Pronto/Capitulo5/exercises/exercise12/test_alu32.tv Line: 10
Warning (10230): Verilog HDL assignment warning at test_alu32.tv(11): truncated value with size 104 to match size of target (101) File: /home/roni/Documents/UFU/AOC2/Livro/Pronto/Capitulo5/exercises/exercise12/test_alu32.tv Line: 11
Warning (10230): Verilog HDL assignment warning at test_alu32.tv(12): truncated value with size 104 to match size of target (101) File: /home/roni/Documents/UFU/AOC2/Livro/Pronto/Capitulo5/exercises/exercise12/test_alu32.tv Line: 12
Warning (10230): Verilog HDL assignment warning at test_alu32.tv(13): truncated value with size 104 to match size of target (101) File: /home/roni/Documents/UFU/AOC2/Livro/Pronto/Capitulo5/exercises/exercise12/test_alu32.tv Line: 13
Warning (10230): Verilog HDL assignment warning at test_alu32.tv(14): truncated value with size 104 to match size of target (101) File: /home/roni/Documents/UFU/AOC2/Livro/Pronto/Capitulo5/exercises/exercise12/test_alu32.tv Line: 14
Warning (10230): Verilog HDL assignment warning at test_alu32.tv(15): truncated value with size 104 to match size of target (101) File: /home/roni/Documents/UFU/AOC2/Livro/Pronto/Capitulo5/exercises/exercise12/test_alu32.tv Line: 15
Warning (10230): Verilog HDL assignment warning at test_alu32.tv(16): truncated value with size 104 to match size of target (101) File: /home/roni/Documents/UFU/AOC2/Livro/Pronto/Capitulo5/exercises/exercise12/test_alu32.tv Line: 16
Warning (10230): Verilog HDL assignment warning at test_alu32.tv(17): truncated value with size 104 to match size of target (101) File: /home/roni/Documents/UFU/AOC2/Livro/Pronto/Capitulo5/exercises/exercise12/test_alu32.tv Line: 17
Warning (10230): Verilog HDL assignment warning at test_alu32.tv(18): truncated value with size 104 to match size of target (101) File: /home/roni/Documents/UFU/AOC2/Livro/Pronto/Capitulo5/exercises/exercise12/test_alu32.tv Line: 18
Warning (10230): Verilog HDL assignment warning at test_alu32.tv(19): truncated value with size 104 to match size of target (101) File: /home/roni/Documents/UFU/AOC2/Livro/Pronto/Capitulo5/exercises/exercise12/test_alu32.tv Line: 19
Warning (10230): Verilog HDL assignment warning at test_alu32.tv(20): truncated value with size 104 to match size of target (101) File: /home/roni/Documents/UFU/AOC2/Livro/Pronto/Capitulo5/exercises/exercise12/test_alu32.tv Line: 20
Warning (10230): Verilog HDL assignment warning at test_alu32.tv(21): truncated value with size 104 to match size of target (101) File: /home/roni/Documents/UFU/AOC2/Livro/Pronto/Capitulo5/exercises/exercise12/test_alu32.tv Line: 21
Warning (10230): Verilog HDL assignment warning at test_alu32.tv(22): truncated value with size 104 to match size of target (101) File: /home/roni/Documents/UFU/AOC2/Livro/Pronto/Capitulo5/exercises/exercise12/test_alu32.tv Line: 22
Warning (10230): Verilog HDL assignment warning at test_alu32.tv(23): truncated value with size 104 to match size of target (101) File: /home/roni/Documents/UFU/AOC2/Livro/Pronto/Capitulo5/exercises/exercise12/test_alu32.tv Line: 23
Warning (10230): Verilog HDL assignment warning at test_alu32.tv(24): truncated value with size 104 to match size of target (101) File: /home/roni/Documents/UFU/AOC2/Livro/Pronto/Capitulo5/exercises/exercise12/test_alu32.tv Line: 24
Warning (10230): Verilog HDL assignment warning at test_alu32.tv(25): truncated value with size 104 to match size of target (101) File: /home/roni/Documents/UFU/AOC2/Livro/Pronto/Capitulo5/exercises/exercise12/test_alu32.tv Line: 25
Warning (10030): Net "testvectors.data_a" at exercise12.sv(17) has no driver or initial value, using a default initial value '0' File: /home/roni/Documents/UFU/AOC2/Livro/Pronto/Capitulo5/exercises/exercise12/exercise12.sv Line: 17
Warning (10030): Net "testvectors.waddr_a" at exercise12.sv(17) has no driver or initial value, using a default initial value '0' File: /home/roni/Documents/UFU/AOC2/Livro/Pronto/Capitulo5/exercises/exercise12/exercise12.sv Line: 17
Warning (10030): Net "testvectors.we_a" at exercise12.sv(17) has no driver or initial value, using a default initial value '0' File: /home/roni/Documents/UFU/AOC2/Livro/Pronto/Capitulo5/exercises/exercise12/exercise12.sv Line: 17
Info (12128): Elaborating entity "alu32" for hierarchy "alu32:uut" File: /home/roni/Documents/UFU/AOC2/Livro/Pronto/Capitulo5/exercises/exercise12/exercise12.sv Line: 23
Error (12061): Can't synthesize current design -- Top partition does not contain any logic
Error: Quartus Prime Analysis & Synthesis was unsuccessful. 1 error, 30 warnings
    Error: Peak virtual memory: 1151 megabytes
    Error: Processing ended: Sun Oct 29 13:53:54 2017
    Error: Elapsed time: 00:00:35
    Error: Total CPU time (on all processors): 00:00:56


