Flow report for exercise9
<<<<<<< HEAD
Sun Oct 29 13:29:43 2017
=======
Sun Oct 29 13:32:29 2017
>>>>>>> d67c3384006479cac0a60286377fb647bb4aff30
Quartus Prime Version 17.0.0 Build 595 04/25/2017 SJ Lite Edition


---------------------
; Table of Contents ;
---------------------
  1. Legal Notice
  2. Flow Summary
  3. Flow Settings
  4. Flow Non-Default Global Settings
  5. Flow Elapsed Time
  6. Flow OS Summary
  7. Flow Log
  8. Flow Messages
  9. Flow Suppressed Messages



----------------
; Legal Notice ;
----------------
Copyright (C) 2017  Intel Corporation. All rights reserved.
Your use of Intel Corporation's design tools, logic functions 
and other software and tools, and its AMPP partner logic 
functions, and any output files from any of the foregoing 
(including device programming or simulation files), and any 
associated documentation or information are expressly subject 
to the terms and conditions of the Intel Program License 
Subscription Agreement, the Intel Quartus Prime License Agreement,
the Intel MegaCore Function License Agreement, or other 
applicable license agreement, including, without limitation, 
that your use is for the sole purpose of programming logic 
devices manufactured by Intel and sold by Intel or its 
authorized distributors.  Please refer to the applicable 
agreement for further details.



+----------------------------------------------------------------------------------+
; Flow Summary                                                                     ;
+------------------------------------+---------------------------------------------+
<<<<<<< HEAD
; Flow Status                        ; Successful - Sun Oct 29 13:29:43 2017       ;
=======
; Flow Status                        ; Successful - Sun Oct 29 13:32:29 2017       ;
>>>>>>> d67c3384006479cac0a60286377fb647bb4aff30
; Quartus Prime Version              ; 17.0.0 Build 595 04/25/2017 SJ Lite Edition ;
; Revision Name                      ; exercise9                                   ;
; Top-level Entity Name              ; exercise9                                   ;
; Family                             ; Cyclone IV E                                ;
; Device                             ; EP4CE115F29C7                               ;
; Timing Models                      ; Final                                       ;
; Total logic elements               ; 129 / 114,480 ( < 1 % )                     ;
;     Total combinational functions  ; 129 / 114,480 ( < 1 % )                     ;
;     Dedicated logic registers      ; 0 / 114,480 ( 0 % )                         ;
; Total registers                    ; 0                                           ;
; Total pins                         ; 99 / 529 ( 19 % )                           ;
; Total virtual pins                 ; 0                                           ;
; Total memory bits                  ; 0 / 3,981,312 ( 0 % )                       ;
; Embedded Multiplier 9-bit elements ; 0 / 532 ( 0 % )                             ;
; Total PLLs                         ; 0 / 4 ( 0 % )                               ;
+------------------------------------+---------------------------------------------+


+-----------------------------------------+
; Flow Settings                           ;
+-------------------+---------------------+
; Option            ; Setting             ;
+-------------------+---------------------+
<<<<<<< HEAD
; Start date & time ; 10/29/2017 13:29:06 ;
=======
; Start date & time ; 10/29/2017 13:29:21 ;
>>>>>>> d67c3384006479cac0a60286377fb647bb4aff30
; Main task         ; Compilation         ;
; Revision Name     ; exercise9           ;
+-------------------+---------------------+


+-----------------------------------------------------------------------------------------------------------------------------+
; Flow Non-Default Global Settings                                                                                            ;
+-------------------------------------+----------------------------------------+---------------+-------------+----------------+
; Assignment Name                     ; Value                                  ; Default Value ; Entity Name ; Section Id     ;
+-------------------------------------+----------------------------------------+---------------+-------------+----------------+
<<<<<<< HEAD
; COMPILER_SIGNATURE_ID               ; 154880090762327.150929094609844        ; --            ; --          ; --             ;
=======
; COMPILER_SIGNATURE_ID               ; 151841765864.150929096003017           ; --            ; --          ; --             ;
>>>>>>> d67c3384006479cac0a60286377fb647bb4aff30
; EDA_OUTPUT_DATA_FORMAT              ; Systemverilog Hdl                      ; --            ; --          ; eda_simulation ;
; EDA_SIMULATION_TOOL                 ; ModelSim-Altera (SystemVerilog)        ; <None>        ; --          ; --             ;
; EDA_TIME_SCALE                      ; 1 ps                                   ; --            ; --          ; eda_simulation ;
; MAX_CORE_JUNCTION_TEMP              ; 85                                     ; --            ; --          ; --             ;
; MIN_CORE_JUNCTION_TEMP              ; 0                                      ; --            ; --          ; --             ;
; NOMINAL_CORE_SUPPLY_VOLTAGE         ; 1.2V                                   ; --            ; --          ; --             ;
; PARTITION_COLOR                     ; -- (Not supported for targeted family) ; --            ; --          ; Top            ;
; PARTITION_FITTER_PRESERVATION_LEVEL ; -- (Not supported for targeted family) ; --            ; --          ; Top            ;
; PARTITION_NETLIST_TYPE              ; -- (Not supported for targeted family) ; --            ; --          ; Top            ;
; PROJECT_OUTPUT_DIRECTORY            ; output_files                           ; --            ; --          ; --             ;
+-------------------------------------+----------------------------------------+---------------+-------------+----------------+


+-------------------------------------------------------------------------------------------------------------------------------+
; Flow Elapsed Time                                                                                                             ;
+---------------------------+--------------+-------------------------+---------------------+------------------------------------+
; Module Name               ; Elapsed Time ; Average Processors Used ; Peak Virtual Memory ; Total CPU Time (on all processors) ;
+---------------------------+--------------+-------------------------+---------------------+------------------------------------+
<<<<<<< HEAD
; Analysis & Synthesis      ; 00:00:15     ; 1.0                     ; 1007 MB             ; 00:00:36                           ;
; Fitter                    ; 00:00:13     ; 1.0                     ; 1448 MB             ; 00:00:17                           ;
; Assembler                 ; 00:00:04     ; 1.0                     ; 930 MB              ; 00:00:04                           ;
; TimeQuest Timing Analyzer ; 00:00:02     ; 1.0                     ; 1000 MB             ; 00:00:02                           ;
; EDA Netlist Writer        ; 00:00:01     ; 1.0                     ; 1172 MB             ; 00:00:01                           ;
; Total                     ; 00:00:35     ; --                      ; --                  ; 00:01:00                           ;
+---------------------------+--------------+-------------------------+---------------------+------------------------------------+


+-------------------------------------------------------------------------------------------+
; Flow OS Summary                                                                           ;
+---------------------------+------------------+-------------+-------------+----------------+
; Module Name               ; Machine Hostname ; OS Name     ; OS Version  ; Processor type ;
+---------------------------+------------------+-------------+-------------+----------------+
; Analysis & Synthesis      ; ronistone        ; Fedora Core ; Fedora Core ; x86_64         ;
; Fitter                    ; ronistone        ; Fedora Core ; Fedora Core ; x86_64         ;
; Assembler                 ; ronistone        ; Fedora Core ; Fedora Core ; x86_64         ;
; TimeQuest Timing Analyzer ; ronistone        ; Fedora Core ; Fedora Core ; x86_64         ;
; EDA Netlist Writer        ; ronistone        ; Fedora Core ; Fedora Core ; x86_64         ;
+---------------------------+------------------+-------------+-------------+----------------+
=======
; Analysis & Synthesis      ; 00:01:09     ; 1.0                     ; 899 MB              ; 00:01:51                           ;
; Fitter                    ; 00:01:08     ; 1.0                     ; 1334 MB             ; 00:01:12                           ;
; Assembler                 ; 00:00:16     ; 1.0                     ; 820 MB              ; 00:00:16                           ;
; TimeQuest Timing Analyzer ; 00:00:09     ; 1.0                     ; 881 MB              ; 00:00:09                           ;
; EDA Netlist Writer        ; 00:00:05     ; 1.0                     ; 1058 MB             ; 00:00:04                           ;
; Total                     ; 00:02:47     ; --                      ; --                  ; 00:03:32                           ;
+---------------------------+--------------+-------------------------+---------------------+------------------------------------+


+----------------------------------------------------------------------------------------------+
; Flow OS Summary                                                                              ;
+---------------------------+---------------------+--------------+------------+----------------+
; Module Name               ; Machine Hostname    ; OS Name      ; OS Version ; Processor type ;
+---------------------------+---------------------+--------------+------------+----------------+
; Analysis & Synthesis      ; gabriel-Aspire-5250 ; Ubuntu 17.04 ; 17         ; x86_64         ;
; Fitter                    ; gabriel-Aspire-5250 ; Ubuntu 17.04 ; 17         ; x86_64         ;
; Assembler                 ; gabriel-Aspire-5250 ; Ubuntu 17.04 ; 17         ; x86_64         ;
; TimeQuest Timing Analyzer ; gabriel-Aspire-5250 ; Ubuntu 17.04 ; 17         ; x86_64         ;
; EDA Netlist Writer        ; gabriel-Aspire-5250 ; Ubuntu 17.04 ; 17         ; x86_64         ;
+---------------------------+---------------------+--------------+------------+----------------+
>>>>>>> d67c3384006479cac0a60286377fb647bb4aff30


------------
; Flow Log ;
------------
quartus_map --read_settings_files=on --write_settings_files=off exercise9 -c exercise9
quartus_fit --read_settings_files=off --write_settings_files=off exercise9 -c exercise9
quartus_asm --read_settings_files=off --write_settings_files=off exercise9 -c exercise9
quartus_sta exercise9 -c exercise9
quartus_eda --read_settings_files=off --write_settings_files=off exercise9 -c exercise9



